<?xml version="1.0" encoding="UTF-8"?>
<testng-results skipped="0" failed="0" total="2" passed="2">
  <reporter-output>
  </reporter-output>
  <suite name="Default suite" duration-ms="242" started-at="2018-08-09T14:36:42Z" finished-at="2018-08-09T14:36:43Z">
    <groups>
    </groups>
    <test name="Default test" duration-ms="242" started-at="2018-08-09T14:36:42Z" finished-at="2018-08-09T14:36:43Z">
      <class name="com.qa.pages.HomePage">
        <test-method status="PASS" signature="homePage()[pri:0, instance:com.qa.pages.HomePage@1efea79]" name="homePage" duration-ms="62" started-at="2018-08-09T20:06:43Z" finished-at="2018-08-09T20:06:43Z">
          <reporter-output>
          </reporter-output>
        </test-method> <!-- homePage -->
        <test-method status="PASS" signature="homePage2()[pri:0, instance:com.qa.pages.HomePage@1efea79]" name="homePage2" duration-ms="3" started-at="2018-08-09T20:06:43Z" finished-at="2018-08-09T20:06:43Z">
          <reporter-output>
          </reporter-output>
        </test-method> <!-- homePage2 -->
      </class> <!-- com.qa.pages.HomePage -->
    </test> <!-- Default test -->
  </suite> <!-- Default suite -->
</testng-results>
